src/android_core/android_tutorial_camera/build/outputs/apk/manifest-merger-debug-report.txt
-- Merging decision tree log ---
manifest
ADDED from AndroidManifest.xml:2:1
	package
		ADDED from AndroidManifest.xml:2:70
		INJECTED from AndroidManifest.xml:0:0
		INJECTED from AndroidManifest.xml:0:0
	android:versionName
		INJECTED from AndroidManifest.xml:0:0
		INJECTED from AndroidManifest.xml:0:0
	xmlns:android
		ADDED from AndroidManifest.xml:2:11
	android:versionCode
		INJECTED from AndroidManifest.xml:0:0
		INJECTED from AndroidManifest.xml:0:0
uses-permission#android.permission.ACCESS_WIFI_STATE
ADDED from AndroidManifest.xml:4:5
MERGED from org.ros.android_core:android_10:0.2.0:13:5
	android:name
		ADDED from AndroidManifest.xml:4:22
uses-permission#android.permission.CAMERA
ADDED from AndroidManifest.xml:5:5
	android:name
		ADDED from AndroidManifest.xml:5:22
uses-permission#android.permission.CHANGE_WIFI_STATE
ADDED from AndroidManifest.xml:6:5
MERGED from org.ros.android_core:android_10:0.2.0:14:5
	android:name
		ADDED from AndroidManifest.xml:6:22
uses-permission#android.permission.INTERNET
ADDED from AndroidManifest.xml:7:5
	android:name
		ADDED from AndroidManifest.xml:7:22
uses-permission#android.permission.WAKE_LOCK
ADDED from AndroidManifest.xml:8:5
MERGED from org.ros.android_core:android_10:0.2.0:15:5
	android:name
		ADDED from AndroidManifest.xml:8:22
uses-permission#android.permission.WRITE_EXTERNAL_STORAGE
ADDED from AndroidManifest.xml:9:5
MERGED from org.ros.android_core:android_10:0.2.0:12:5
	android:name
		ADDED from AndroidManifest.xml:9:22
application
ADDED from AndroidManifest.xml:11:5
MERGED from org.ros.android_core:android_10:0.2.0:18:5
MERGED from com.android.support:appcompat-v7:24.2.0:25:5
MERGED from com.android.support:support-vector-drawable:24.2.0:23:5
MERGED from com.android.support:support-compat:24.2.0:25:5
MERGED from com.android.support:animated-vector-drawable:24.2.0:22:5
MERGED from com.android.support:support-vector-drawable:24.2.0:23:5
MERGED from com.android.support:support-compat:24.2.0:25:5
MERGED from com.android.support:support-v4:24.2.0:25:5
MERGED from com.android.support:support-compat:24.2.0:25:5
MERGED from com.android.support:support-core-utils:24.2.0:25:5
MERGED from com.android.support:support-compat:24.2.0:25:5
MERGED from com.android.support:support-media-compat:24.2.0:25:5
MERGED from com.android.support:support-compat:24.2.0:25:5
MERGED from com.android.support:support-core-ui:24.2.0:25:5
MERGED from com.android.support:support-compat:24.2.0:25:5
MERGED from com.android.support:support-fragment:24.2.0:25:5
MERGED from com.android.support:support-compat:24.2.0:25:5
MERGED from com.android.support:support-core-utils:24.2.0:25:5
MERGED from com.android.support:support-compat:24.2.0:25:5
MERGED from com.android.support:support-media-compat:24.2.0:25:5
MERGED from com.android.support:support-compat:24.2.0:25:5
MERGED from com.android.support:support-core-ui:24.2.0:25:5
MERGED from com.android.support:support-compat:24.2.0:25:5
MERGED from com.android.support:support-v4:24.2.0:25:5
MERGED from com.android.support:support-compat:24.2.0:25:5
MERGED from com.android.support:support-core-utils:24.2.0:25:5
MERGED from com.android.support:support-compat:24.2.0:25:5
MERGED from com.android.support:support-media-compat:24.2.0:25:5
MERGED from com.android.support:support-compat:24.2.0:25:5
MERGED from com.android.support:support-core-ui:24.2.0:25:5
MERGED from com.android.support:support-compat:24.2.0:25:5
MERGED from com.android.support:support-fragment:24.2.0:25:5
MERGED from com.android.support:support-compat:24.2.0:25:5
MERGED from com.android.support:support-core-utils:24.2.0:25:5
MERGED from com.android.support:support-compat:24.2.0:25:5
MERGED from com.android.support:support-media-compat:24.2.0:25:5
MERGED from com.android.support:support-compat:24.2.0:25:5
MERGED from com.android.support:support-core-ui:24.2.0:25:5
MERGED from com.android.support:support-compat:24.2.0:25:5
MERGED from com.android.support:design:24.2.0:22:5
MERGED from com.android.support:appcompat-v7:24.2.0:25:5
MERGED from com.android.support:support-vector-drawable:24.2.0:23:5
MERGED from com.android.support:support-compat:24.2.0:25:5
MERGED from com.android.support:animated-vector-drawable:24.2.0:22:5
MERGED from com.android.support:support-vector-drawable:24.2.0:23:5
MERGED from com.android.support:support-compat:24.2.0:25:5
MERGED from com.android.support:support-v4:24.2.0:25:5
MERGED from com.android.support:support-compat:24.2.0:25:5
MERGED from com.android.support:support-core-utils:24.2.0:25:5
MERGED from com.android.support:support-compat:24.2.0:25:5
MERGED from com.android.support:support-media-compat:24.2.0:25:5
MERGED from com.android.support:support-compat:24.2.0:25:5
MERGED from com.android.support:support-core-ui:24.2.0:25:5
MERGED from com.android.support:support-compat:24.2.0:25:5
MERGED from com.android.support:support-fragment:24.2.0:25:5
MERGED from com.android.support:support-compat:24.2.0:25:5
MERGED from com.android.support:support-core-utils:24.2.0:25:5
MERGED from com.android.support:support-compat:24.2.0:25:5
MERGED from com.android.support:support-media-compat:24.2.0:25:5
MERGED from com.android.support:support-compat:24.2.0:25:5
MERGED from com.android.support:support-core-ui:24.2.0:25:5
MERGED from com.android.support:support-compat:24.2.0:25:5
MERGED from com.android.support:support-v4:24.2.0:25:5
MERGED from com.android.support:support-compat:24.2.0:25:5
MERGED from com.android.support:support-core-utils:24.2.0:25:5
MERGED from com.android.support:support-compat:24.2.0:25:5
MERGED from com.android.support:support-media-compat:24.2.0:25:5
MERGED from com.android.support:support-compat:24.2.0:25:5
MERGED from com.android.support:support-core-ui:24.2.0:25:5
MERGED from com.android.support:support-compat:24.2.0:25:5
MERGED from com.android.support:support-fragment:24.2.0:25:5
MERGED from com.android.support:support-compat:24.2.0:25:5
MERGED from com.android.support:support-core-utils:24.2.0:25:5
MERGED from com.android.support:support-compat:24.2.0:25:5
MERGED from com.android.support:support-media-compat:24.2.0:25:5
MERGED from com.android.support:support-compat:24.2.0:25:5
MERGED from com.android.support:support-core-ui:24.2.0:25:5
MERGED from com.android.support:support-compat:24.2.0:25:5
MERGED from com.android.support:support-compat:24.2.0:25:5
MERGED from com.android.support:support-core-ui:24.2.0:25:5
MERGED from com.android.support:support-compat:24.2.0:25:5
MERGED from com.google.android.gms:play-services-vision:9.4.0:5:5
MERGED from com.google.android.gms:play-services-base:9.4.0:19:5
MERGED from com.google.android.gms:play-services-basement:9.4.0:20:5
MERGED from com.android.support:support-v4:24.2.0:25:5
MERGED from com.android.support:support-compat:24.2.0:25:5
MERGED from com.android.support:support-core-utils:24.2.0:25:5
MERGED from com.android.support:support-compat:24.2.0:25:5
MERGED from com.android.support:support-media-compat:24.2.0:25:5
MERGED from com.android.support:support-compat:24.2.0:25:5
MERGED from com.android.support:support-core-ui:24.2.0:25:5
MERGED from com.android.support:support-compat:24.2.0:25:5
MERGED from com.android.support:support-fragment:24.2.0:25:5
MERGED from com.android.support:support-compat:24.2.0:25:5
MERGED from com.android.support:support-core-utils:24.2.0:25:5
MERGED from com.android.support:support-compat:24.2.0:25:5
MERGED from com.android.support:support-media-compat:24.2.0:25:5
MERGED from com.android.support:support-compat:24.2.0:25:5
MERGED from com.android.support:support-core-ui:24.2.0:25:5
MERGED from com.android.support:support-compat:24.2.0:25:5
MERGED from com.google.android.gms:play-services-tasks:9.4.0:5:5
MERGED from com.google.android.gms:play-services-basement:9.4.0:20:5
MERGED from com.android.support:support-v4:24.2.0:25:5
MERGED from com.android.support:support-compat:24.2.0:25:5
MERGED from com.android.support:support-core-utils:24.2.0:25:5
MERGED from com.android.support:support-compat:24.2.0:25:5
MERGED from com.android.support:support-media-compat:24.2.0:25:5
MERGED from com.android.support:support-compat:24.2.0:25:5
MERGED from com.android.support:support-core-ui:24.2.0:25:5
MERGED from com.android.support:support-compat:24.2.0:25:5
MERGED from com.android.support:support-fragment:24.2.0:25:5
MERGED from com.android.support:support-compat:24.2.0:25:5
MERGED from com.android.support:support-core-utils:24.2.0:25:5
MERGED from com.android.support:support-compat:24.2.0:25:5
MERGED from com.android.support:support-media-compat:24.2.0:25:5
MERGED from com.android.support:support-compat:24.2.0:25:5
MERGED from com.android.support:support-core-ui:24.2.0:25:5
MERGED from com.android.support:support-compat:24.2.0:25:5
MERGED from com.google.android.gms:play-services-basement:9.4.0:20:5
MERGED from com.android.support:support-v4:24.2.0:25:5
MERGED from com.android.support:support-compat:24.2.0:25:5
MERGED from com.android.support:support-core-utils:24.2.0:25:5
MERGED from com.android.support:support-compat:24.2.0:25:5
MERGED from com.android.support:support-media-compat:24.2.0:25:5
MERGED from com.android.support:support-compat:24.2.0:25:5
MERGED from com.android.support:support-core-ui:24.2.0:25:5
MERGED from com.android.support:support-compat:24.2.0:25:5
MERGED from com.android.support:support-fragment:24.2.0:25:5
MERGED from com.android.support:support-compat:24.2.0:25:5
MERGED from com.android.support:support-core-utils:24.2.0:25:5
MERGED from com.android.support:support-compat:24.2.0:25:5
MERGED from com.android.support:support-media-compat:24.2.0:25:5
MERGED from com.android.support:support-compat:24.2.0:25:5
MERGED from com.android.support:support-core-ui:24.2.0:25:5
MERGED from com.android.support:support-compat:24.2.0:25:5
	android:label
		ADDED from AndroidManifest.xml:13:9
	android:allowBackup
		ADDED from AndroidManifest.xml:14:9
	android:icon
		ADDED from AndroidManifest.xml:12:9
activity#org.ros.android.android_tutorial_camera.MainActivity
ADDED from AndroidManifest.xml:15:9
	android:screenOrientation
		ADDED from AndroidManifest.xml:19:13
	android:label
		ADDED from AndroidManifest.xml:18:13
	android:configChanges
		ADDED from AndroidManifest.xml:17:13
	android:name
		ADDED from AndroidManifest.xml:16:13
intent-filter#android.intent.action.MAIN+android.intent.category.LAUNCHER
ADDED from AndroidManifest.xml:20:13
action#android.intent.action.MAIN
ADDED from AndroidManifest.xml:21:17
	android:name
		ADDED from AndroidManifest.xml:21:25
category#android.intent.category.LAUNCHER
ADDED from AndroidManifest.xml:23:17
	android:name
		ADDED from AndroidManifest.xml:23:27
activity#org.ros.android.MasterChooser
ADDED from AndroidManifest.xml:26:9
MERGED from org.ros.android_core:android_10:0.2.0:21:9
	android:label
		ADDED from org.ros.android_core:android_10:0.2.0:23:13
	android:launchMode
		ADDED from org.ros.android_core:android_10:0.2.0:24:13
	android:name
		ADDED from AndroidManifest.xml:26:19
service#org.ros.android.NodeMainExecutorService
ADDED from AndroidManifest.xml:28:9
MERGED from org.ros.android_core:android_10:0.2.0:26:9
	tools:ignore
		ADDED from org.ros.android_core:android_10:0.2.0:28:13
	android:name
		ADDED from AndroidManifest.xml:28:18
intent-filter#org.ros.android.NodeMainExecutorService
ADDED from AndroidManifest.xml:29:13
action#org.ros.android.NodeMainExecutorService
ADDED from AndroidManifest.xml:30:17
	android:name
		ADDED from AndroidManifest.xml:30:25
uses-sdk
INJECTED from AndroidManifest.xml:0:0 reason: use-sdk injection requested
MERGED from org.ros.android_core:android_10:0.2.0:8:5
MERGED from com.android.support:appcompat-v7:24.2.0:21:5
MERGED from com.android.support:support-vector-drawable:24.2.0:21:5
MERGED from com.android.support:support-compat:24.2.0:21:5
MERGED from com.android.support:animated-vector-drawable:24.2.0:20:5
MERGED from com.android.support:support-vector-drawable:24.2.0:21:5
MERGED from com.android.support:support-compat:24.2.0:21:5
MERGED from com.android.support:support-v4:24.2.0:21:5
MERGED from com.android.support:support-compat:24.2.0:21:5
MERGED from com.android.support:support-core-utils:24.2.0:21:5
MERGED from com.android.support:support-compat:24.2.0:21:5
MERGED from com.android.support:support-media-compat:24.2.0:21:5
MERGED from com.android.support:support-compat:24.2.0:21:5
MERGED from com.android.support:support-core-ui:24.2.0:21:5
MERGED from com.android.support:support-compat:24.2.0:21:5
MERGED from com.android.support:support-fragment:24.2.0:21:5
MERGED from com.android.support:support-compat:24.2.0:21:5
MERGED from com.android.support:support-core-utils:24.2.0:21:5
MERGED from com.android.support:support-compat:24.2.0:21:5
MERGED from com.android.support:support-media-compat:24.2.0:21:5
MERGED from com.android.support:support-compat:24.2.0:21:5
MERGED from com.android.support:support-core-ui:24.2.0:21:5
MERGED from com.android.support:support-compat:24.2.0:21:5
MERGED from com.android.support:support-v4:24.2.0:21:5
MERGED from com.android.support:support-compat:24.2.0:21:5
MERGED from com.android.support:support-core-utils:24.2.0:21:5
MERGED from com.android.support:support-compat:24.2.0:21:5
MERGED from com.android.support:support-media-compat:24.2.0:21:5
MERGED from com.android.support:support-compat:24.2.0:21:5
MERGED from com.android.support:support-core-ui:24.2.0:21:5
MERGED from com.android.support:support-compat:24.2.0:21:5
MERGED from com.android.support:support-fragment:24.2.0:21:5
MERGED from com.android.support:support-compat:24.2.0:21:5
MERGED from com.android.support:support-core-utils:24.2.0:21:5
MERGED from com.android.support:support-compat:24.2.0:21:5
MERGED from com.android.support:support-media-compat:24.2.0:21:5
MERGED from com.android.support:support-compat:24.2.0:21:5
MERGED from com.android.support:support-core-ui:24.2.0:21:5
MERGED from com.android.support:support-compat:24.2.0:21:5
MERGED from com.android.support:design:24.2.0:20:5
MERGED from com.android.support:appcompat-v7:24.2.0:21:5
MERGED from com.android.support:support-vector-drawable:24.2.0:21:5
MERGED from com.android.support:support-compat:24.2.0:21:5
MERGED from com.android.support:animated-vector-drawable:24.2.0:20:5
MERGED from com.android.support:support-vector-drawable:24.2.0:21:5
MERGED from com.android.support:support-compat:24.2.0:21:5
MERGED from com.android.support:support-v4:24.2.0:21:5
MERGED from com.android.support:support-compat:24.2.0:21:5
MERGED from com.android.support:support-core-utils:24.2.0:21:5
MERGED from com.android.support:support-compat:24.2.0:21:5
MERGED from com.android.support:support-media-compat:24.2.0:21:5
MERGED from com.android.support:support-compat:24.2.0:21:5
MERGED from com.android.support:support-core-ui:24.2.0:21:5
MERGED from com.android.support:support-compat:24.2.0:21:5
MERGED from com.android.support:support-fragment:24.2.0:21:5
MERGED from com.android.support:support-compat:24.2.0:21:5
MERGED from com.android.support:support-core-utils:24.2.0:21:5
MERGED from com.android.support:support-compat:24.2.0:21:5
MERGED from com.android.support:support-media-compat:24.2.0:21:5
MERGED from com.android.support:support-compat:24.2.0:21:5
MERGED from com.android.support:support-core-ui:24.2.0:21:5
MERGED from com.android.support:support-compat:24.2.0:21:5
MERGED from com.android.support:support-v4:24.2.0:21:5
MERGED from com.android.support:support-compat:24.2.0:21:5
MERGED from com.android.support:support-core-utils:24.2.0:21:5
MERGED from com.android.support:support-compat:24.2.0:21:5
MERGED from com.android.support:support-media-compat:24.2.0:21:5
MERGED from com.android.support:support-compat:24.2.0:21:5
MERGED from com.android.support:support-core-ui:24.2.0:21:5
MERGED from com.android.support:support-compat:24.2.0:21:5
MERGED from com.android.support:support-fragment:24.2.0:21:5
MERGED from com.android.support:support-compat:24.2.0:21:5
MERGED from com.android.support:support-core-utils:24.2.0:21:5
MERGED from com.android.support:support-compat:24.2.0:21:5
MERGED from com.android.support:support-media-compat:24.2.0:21:5
MERGED from com.android.support:support-compat:24.2.0:21:5
MERGED from com.android.support:support-core-ui:24.2.0:21:5
MERGED from com.android.support:support-compat:24.2.0:21:5
MERGED from com.android.support:recyclerview-v7:24.2.0:20:5
MERGED from com.android.support:support-compat:24.2.0:21:5
MERGED from com.android.support:support-core-ui:24.2.0:21:5
MERGED from com.android.support:support-compat:24.2.0:21:5
MERGED from com.google.android.gms:play-services-vision:9.4.0:4:5
MERGED from com.google.android.gms:play-services-base:9.4.0:18:5
MERGED from com.google.android.gms:play-services-basement:9.4.0:18:5
MERGED from com.android.support:support-v4:24.2.0:21:5
MERGED from com.android.support:support-compat:24.2.0:21:5
MERGED from com.android.support:support-core-utils:24.2.0:21:5
MERGED from com.android.support:support-compat:24.2.0:21:5
MERGED from com.android.support:support-media-compat:24.2.0:21:5
MERGED from com.android.support:support-compat:24.2.0:21:5
MERGED from com.android.support:support-core-ui:24.2.0:21:5
MERGED from com.android.support:support-compat:24.2.0:21:5
MERGED from com.android.support:support-fragment:24.2.0:21:5
MERGED from com.android.support:support-compat:24.2.0:21:5
MERGED from com.android.support:support-core-utils:24.2.0:21:5
MERGED from com.android.support:support-compat:24.2.0:21:5
MERGED from com.android.support:support-media-compat:24.2.0:21:5
MERGED from com.android.support:support-compat:24.2.0:21:5
MERGED from com.android.support:support-core-ui:24.2.0:21:5
MERGED from com.android.support:support-compat:24.2.0:21:5
MERGED from com.google.android.gms:play-services-tasks:9.4.0:4:5
MERGED from com.google.android.gms:play-services-basement:9.4.0:18:5
MERGED from com.android.support:support-v4:24.2.0:21:5
MERGED from com.android.support:support-compat:24.2.0:21:5
MERGED from com.android.support:support-core-utils:24.2.0:21:5
MERGED from com.android.support:support-compat:24.2.0:21:5
MERGED from com.android.support:support-media-compat:24.2.0:21:5
MERGED from com.android.support:support-compat:24.2.0:21:5
MERGED from com.android.support:support-core-ui:24.2.0:21:5
MERGED from com.android.support:support-compat:24.2.0:21:5
MERGED from com.android.support:support-fragment:24.2.0:21:5
MERGED from com.android.support:support-compat:24.2.0:21:5
MERGED from com.android.support:support-core-utils:24.2.0:21:5
MERGED from com.android.support:support-compat:24.2.0:21:5
MERGED from com.android.support:support-media-compat:24.2.0:21:5
MERGED from com.android.support:support-compat:24.2.0:21:5
MERGED from com.android.support:support-core-ui:24.2.0:21:5
MERGED from com.android.support:support-compat:24.2.0:21:5
MERGED from com.google.android.gms:play-services-basement:9.4.0:18:5
MERGED from com.android.support:support-v4:24.2.0:21:5
MERGED from com.android.support:support-compat:24.2.0:21:5
MERGED from com.android.support:support-core-utils:24.2.0:21:5
MERGED from com.android.support:support-compat:24.2.0:21:5
MERGED from com.android.support:support-media-compat:24.2.0:21:5
MERGED from com.android.support:support-compat:24.2.0:21:5
MERGED from com.android.support:support-core-ui:24.2.0:21:5
MERGED from com.android.support:support-compat:24.2.0:21:5
MERGED from com.android.support:support-fragment:24.2.0:21:5
MERGED from com.android.support:support-compat:24.2.0:21:5
MERGED from com.android.support:support-core-utils:24.2.0:21:5
MERGED from com.android.support:support-compat:24.2.0:21:5
MERGED from com.android.support:support-media-compat:24.2.0:21:5
MERGED from com.android.support:support-compat:24.2.0:21:5
MERGED from com.android.support:support-core-ui:24.2.0:21:5
MERGED from com.android.support:support-compat:24.2.0:21:5
	tools:overrideLibrary
		ADDED from com.android.support:appcompat-v7:24.2.0:23:9
	android:targetSdkVersion
		INJECTED from AndroidManifest.xml:0:0
		INJECTED from AndroidManifest.xml:0:0
	android:minSdkVersion
		INJECTED from AndroidManifest.xml:0:0
		INJECTED from AndroidManifest.xml:0:0
uses-permission#android.permission.SYSTEM_ALERT_WINDOW
ADDED from org.ros.android_core:android_10:0.2.0:16:5
	android:name
		ADDED from org.ros.android_core:android_10:0.2.0:16:22
android:uses-permission#android.permission.READ_EXTERNAL_STORAGE
IMPLIED from AndroidManifest.xml:2:1 reason: org.ros.android.android_10 requested WRITE_EXTERNAL_STORAGE
activity#com.google.android.gms.common.api.GoogleApiActivity
ADDED from com.google.android.gms:play-services-base:9.4.0:20:9
	android:exported
		ADDED from com.google.android.gms:play-services-base:9.4.0:22:19
	android:theme
		ADDED from com.google.android.gms:play-services-base:9.4.0:21:19
	android:name
		ADDED from com.google.android.gms:play-services-base:9.4.0:20:19
meta-data#com.google.android.gms.version
ADDED from com.google.android.gms:play-services-basement:9.4.0:21:9
MERGED from com.google.android.gms:play-services-basement:9.4.0:21:9
MERGED from com.google.android.gms:play-services-basement:9.4.0:21:9
	android:value
		ADDED from com.google.android.gms:play-services-basement:9.4.0:23:13
	android:name
		ADDED from com.google.android.gms:play-services-basement:9.4.0:22:13